"../../../../../../Users/g.meloche/Documents/Unreal/Platformer/MEJOR/Gladiator/GLADIATOR/Content/BTTask_BlueprintBase_New.uasset" 0
"../../../../../../Users/g.meloche/Documents/Unreal/Platformer/MEJOR/Gladiator/GLADIATOR/Content/Widgets/PlayerHealthBar.uasset" 1
"../../../../../../Users/g.meloche/Documents/Unreal/Platformer/MEJOR/Gladiator/GLADIATOR/Content/Characters/DwarfGrunt/Materials/HitColor.uasset" 2
"../../../../../../Users/g.meloche/Documents/Unreal/Platformer/MEJOR/Gladiator/GLADIATOR/Content/Characters/DwarfGrunt/Materials/ShieldHit.uasset" 3
"../../../../../../Users/g.meloche/Documents/Unreal/Platformer/MEJOR/Gladiator/GLADIATOR/Content/Characters/DwarfGrunt/SkelMesh/DwarfGrunt_R_new_Skeleton.uasset" 4
"../../../../../../Users/g.meloche/Documents/Unreal/Platformer/MEJOR/Gladiator/GLADIATOR/Content/Sounds/Characters/Voiceovers/VO_Jose_attack02.uasset" 5
"../../../../../../Users/g.meloche/Documents/Unreal/Platformer/MEJOR/Gladiator/GLADIATOR/Content/Sounds/Characters/Voiceovers/VO_Jose_attack04.uasset" 6
"../../../../../../Users/g.meloche/Documents/Unreal/Platformer/MEJOR/Gladiator/GLADIATOR/Content/Sounds/Characters/Voiceovers/VO_Jose_attack06.uasset" 7
"../../../../../../Users/g.meloche/Documents/Unreal/Platformer/MEJOR/Gladiator/GLADIATOR/Content/Sounds/Characters/Voiceovers/VO_Jose_attack07.uasset" 8
"../../../../../../Users/g.meloche/Documents/Unreal/Platformer/MEJOR/Gladiator/GLADIATOR/Content/Sounds/Characters/Voiceovers/VO_Jose_attack08.uasset" 9
"../../../../../../Users/g.meloche/Documents/Unreal/Platformer/MEJOR/Gladiator/GLADIATOR/Content/Sounds/Characters/Voiceovers/VO_Jose_attack09.uasset" 10
"../../../../../../Users/g.meloche/Documents/Unreal/Platformer/MEJOR/Gladiator/GLADIATOR/Content/Sounds/Characters/Voiceovers/VO_Jose_attack10.uasset" 11
"../../../../../../Users/g.meloche/Documents/Unreal/Platformer/MEJOR/Gladiator/GLADIATOR/Content/Sounds/Characters/Voiceovers/VO_Jose_attack11.uasset" 12
"../../../../../../Users/g.meloche/Documents/Unreal/Platformer/MEJOR/Gladiator/GLADIATOR/Content/Sounds/Characters/Voiceovers/VO_Jose_attack12.uasset" 13
"../../../../../../Users/g.meloche/Documents/Unreal/Platformer/MEJOR/Gladiator/GLADIATOR/Content/Sounds/Characters/Voiceovers/VO_Jose_attack13.uasset" 14
"../../../../../../Users/g.meloche/Documents/Unreal/Platformer/MEJOR/Gladiator/GLADIATOR/Content/Sounds/Characters/Voiceovers/VO_Jose_attack15.uasset" 15
"../../../../../../Users/g.meloche/Documents/Unreal/Platformer/MEJOR/Gladiator/GLADIATOR/Content/Sounds/Characters/Voiceovers/VO_Jose_attack16.uasset" 16
"../../../../../../Users/g.meloche/Documents/Unreal/Platformer/MEJOR/Gladiator/GLADIATOR/Content/Sounds/Characters/Voiceovers/VO_Jose_attack17.uasset" 17
"../../../../../../Users/g.meloche/Documents/Unreal/Platformer/MEJOR/Gladiator/GLADIATOR/Content/Sounds/Characters/Voiceovers/VO_Jose_attack18.uasset" 18
"../../../../../../Users/g.meloche/Documents/Unreal/Platformer/MEJOR/Gladiator/GLADIATOR/Content/Sounds/SoundClassesAndMixes/Ambient.uasset" 19
"../../../../../../Users/g.meloche/Documents/Unreal/Platformer/MEJOR/Gladiator/GLADIATOR/Content/Sounds/SoundClassesAndMixes/UI.uasset" 20
"../../../../../../Users/g.meloche/Documents/Unreal/Platformer/MEJOR/Gladiator/GLADIATOR/Content/Sounds/SoundClassesAndMixes/Master.uasset" 21
"../../../../../../Users/g.meloche/Documents/Unreal/Platformer/MEJOR/Gladiator/GLADIATOR/Content/Sounds/SoundClassesAndMixes/Music.uasset" 22
"../../../../../../Users/g.meloche/Documents/Unreal/Platformer/MEJOR/Gladiator/GLADIATOR/Content/Sounds/SoundClassesAndMixes/Gameplay.uasset" 23
"../../../../../../Users/g.meloche/Documents/Unreal/Platformer/MEJOR/Gladiator/GLADIATOR/Content/Sounds/SoundClassesAndMixes/PSM_FightFocus.uasset" 24
"../../../../../../Users/g.meloche/Documents/Unreal/Platformer/MEJOR/Gladiator/GLADIATOR/Content/Sounds/SoundClassesAndMixes/Mechanics.uasset" 25
"../../../../../../Users/g.meloche/Documents/Unreal/Platformer/MEJOR/Gladiator/GLADIATOR/Content/Sounds/Characters/Voiceovers/VO_Attack_Jose_Cue.uasset" 26
"../../../../../../Users/g.meloche/Documents/Unreal/Platformer/MEJOR/Gladiator/GLADIATOR/Content/Sounds/Weapons/HandToHand/FightSword01_Impact_Stereo.uasset" 27
"../../../../../../Users/g.meloche/Documents/Unreal/Platformer/MEJOR/Gladiator/GLADIATOR/Content/Sounds/Weapons/HandToHand/FightSword01_ImpactPound_Stereo.uasset" 28
"../../../../../../Users/g.meloche/Documents/Unreal/Platformer/MEJOR/Gladiator/GLADIATOR/Content/Sounds/Weapons/HandToHand/FightSword01_Stereo.uasset" 29
"../../../../../../Users/g.meloche/Documents/Unreal/Platformer/MEJOR/Gladiator/GLADIATOR/Content/Sounds/Weapons/HandToHand/FightSword02_Impact_Stereo.uasset" 30
"../../../../../../Users/g.meloche/Documents/Unreal/Platformer/MEJOR/Gladiator/GLADIATOR/Content/Sounds/Weapons/HandToHand/FightSword02_ImpactPound_Stereo.uasset" 31
"../../../../../../Users/g.meloche/Documents/Unreal/Platformer/MEJOR/Gladiator/GLADIATOR/Content/Sounds/Weapons/HandToHand/FightSword02_Stereo.uasset" 32
"../../../../../../Users/g.meloche/Documents/Unreal/Platformer/MEJOR/Gladiator/GLADIATOR/Content/Sounds/Weapons/HandToHand/FightSword03_Impact_Stereo.uasset" 33
"../../../../../../Users/g.meloche/Documents/Unreal/Platformer/MEJOR/Gladiator/GLADIATOR/Content/Sounds/Weapons/HandToHand/FightSword03_ImpactPound_Stereo.uasset" 34
"../../../../../../Users/g.meloche/Documents/Unreal/Platformer/MEJOR/Gladiator/GLADIATOR/Content/Sounds/Weapons/HandToHand/FightSword03_Stereo.uasset" 35
"../../../../../../Users/g.meloche/Documents/Unreal/Platformer/MEJOR/Gladiator/GLADIATOR/Content/Sounds/Weapons/HandToHand/FightSword04_Impact_Stereo.uasset" 36
"../../../../../../Users/g.meloche/Documents/Unreal/Platformer/MEJOR/Gladiator/GLADIATOR/Content/Sounds/Weapons/HandToHand/FightSwords_Combo_Stereo_Cue.uasset" 37
"../../../../../../Users/g.meloche/Documents/Unreal/Platformer/MEJOR/Gladiator/GLADIATOR/Content/Characters/DwarfGrunt/Anims/Attack_1_new.uasset" 38
"../../../../../../Users/g.meloche/Documents/Unreal/Platformer/MEJOR/Gladiator/GLADIATOR/Content/Characters/DwarfGrunt/Anims/Block.uasset" 39
"../../../../../../Users/g.meloche/Documents/Unreal/Platformer/MEJOR/Gladiator/GLADIATOR/Content/Sounds/Characters/Voiceovers/VO_Jose_death01.uasset" 40
"../../../../../../Users/g.meloche/Documents/Unreal/Platformer/MEJOR/Gladiator/GLADIATOR/Content/Sounds/Characters/Voiceovers/VO_Jose_death04.uasset" 41
"../../../../../../Users/g.meloche/Documents/Unreal/Platformer/MEJOR/Gladiator/GLADIATOR/Content/Sounds/Characters/Voiceovers/VO_Jose_death05.uasset" 42
"../../../../../../Users/g.meloche/Documents/Unreal/Platformer/MEJOR/Gladiator/GLADIATOR/Content/Sounds/Characters/Voiceovers/VO_Jose_death06.uasset" 43
"../../../../../../Users/g.meloche/Documents/Unreal/Platformer/MEJOR/Gladiator/GLADIATOR/Content/Sounds/Characters/Voiceovers/VO_Jose_death07.uasset" 44
"../../../../../../Users/g.meloche/Documents/Unreal/Platformer/MEJOR/Gladiator/GLADIATOR/Content/Sounds/Characters/Voiceovers/VO_Jose_death08.uasset" 45
"../../../../../../Users/g.meloche/Documents/Unreal/Platformer/MEJOR/Gladiator/GLADIATOR/Content/Sounds/Characters/Voiceovers/VO_Jose_death09.uasset" 46
"../../../../../../Users/g.meloche/Documents/Unreal/Platformer/MEJOR/Gladiator/GLADIATOR/Content/Sounds/Characters/Voiceovers/VO_Jose_death10.uasset" 47
"../../../../../../Users/g.meloche/Documents/Unreal/Platformer/MEJOR/Gladiator/GLADIATOR/Content/Sounds/Characters/Voiceovers/VO_Death_Jose_Cue.uasset" 48
"../../../../../../Users/g.meloche/Documents/Unreal/Platformer/MEJOR/Gladiator/GLADIATOR/Content/Characters/DwarfGrunt/Anims/Death2.uasset" 49
"../../../../../../Users/g.meloche/Documents/Unreal/Platformer/MEJOR/Gladiator/GLADIATOR/Content/Characters/DwarfGrunt/Anims/Idle_1_new.uasset" 50
"../../../../../../Users/g.meloche/Documents/Unreal/Platformer/MEJOR/Gladiator/GLADIATOR/Content/Characters/DwarfGrunt/Anims/WalkFwd2.uasset" 51
"../../../../../../Users/g.meloche/Documents/Unreal/Platformer/MEJOR/Gladiator/GLADIATOR/Content/Characters/DwarfGrunt/Anims/DwarfAnim.uasset" 52
"../../../../../../Users/g.meloche/Documents/Unreal/Platformer/MEJOR/Gladiator/GLADIATOR/Content/Characters/DwarfGrunt/Textures/T_Dwarf_Grunt_Blue_D.uasset" 53
"../../../../../../Users/g.meloche/Documents/Unreal/Platformer/MEJOR/Gladiator/GLADIATOR/Content/Characters/DwarfGrunt/Textures/T_Dwarf_Grunt_M.uasset" 54
"../../../../../../Users/g.meloche/Documents/Unreal/Platformer/MEJOR/Gladiator/GLADIATOR/Content/Characters/DwarfGrunt/Textures/T_Dwarf_Grunt_N.uasset" 55
"../../../../../../Users/g.meloche/Documents/Unreal/Platformer/MEJOR/Gladiator/GLADIATOR/Content/Characters/DwarfGrunt/Materials/M_Dwarf_Grunt.uasset" 56
"../../../../../../Users/g.meloche/Documents/Unreal/Platformer/MEJOR/Gladiator/GLADIATOR/Content/Characters/DwarfGrunt/Textures/T_Dwarf_Grunt_Equipment_Blue_D.uasset" 57
"../../../../../../Users/g.meloche/Documents/Unreal/Platformer/MEJOR/Gladiator/GLADIATOR/Content/Characters/DwarfGrunt/Textures/T_Dwarf_Grunt_Equipment_Blue_N.uasset" 58
"../../../../../../Users/g.meloche/Documents/Unreal/Platformer/MEJOR/Gladiator/GLADIATOR/Content/Characters/DwarfGrunt/Textures/T_Dwarf_Grunt_Equipment_M.uasset" 59
"../../../../../../Users/g.meloche/Documents/Unreal/Platformer/MEJOR/Gladiator/GLADIATOR/Content/Characters/DwarfGrunt/Materials/Dwarf_Grunt_Equipment_Blue_MIC.uasset" 60
"../../../../../../Users/g.meloche/Documents/Unreal/Platformer/MEJOR/Gladiator/GLADIATOR/Content/Characters/DwarfGrunt/SkelMesh/DwarfGrunt_R_new.uasset" 61
"../../../../../../Users/g.meloche/Documents/Unreal/Platformer/MEJOR/Gladiator/GLADIATOR/Content/Characters/DwarfGrunt/SkelMesh/Shield_R_Skeleton.uasset" 62
"../../../../../../Users/g.meloche/Documents/Unreal/Platformer/MEJOR/Gladiator/GLADIATOR/Content/Characters/DwarfGrunt/SkelMesh/Shield_Skel.uasset" 63
"../../../../../../Users/g.meloche/Documents/Unreal/Platformer/MEJOR/Gladiator/GLADIATOR/Content/Characters/DwarfGrunt/Textures/T_WarHammer_D.uasset" 64
"../../../../../../Users/g.meloche/Documents/Unreal/Platformer/MEJOR/Gladiator/GLADIATOR/Content/Characters/DwarfGrunt/Textures/T_WarHammer_M.uasset" 65
"../../../../../../Users/g.meloche/Documents/Unreal/Platformer/MEJOR/Gladiator/GLADIATOR/Content/Characters/DwarfGrunt/Textures/T_WarHammer_N.uasset" 66
"../../../../../../Users/g.meloche/Documents/Unreal/Platformer/MEJOR/Gladiator/GLADIATOR/Content/Characters/DwarfGrunt/Materials/M_WarHammer.uasset" 67
"../../../../../../Users/g.meloche/Documents/Unreal/Platformer/MEJOR/Gladiator/GLADIATOR/Content/Characters/DwarfGrunt/SkelMesh/WarHammer_Skeleton.uasset" 68
"../../../../../../Users/g.meloche/Documents/Unreal/Platformer/MEJOR/Gladiator/GLADIATOR/Content/Characters/DwarfGrunt/SkelMesh/WarHammer.uasset" 69
"../../../../../../Users/g.meloche/Documents/Unreal/Platformer/MEJOR/Gladiator/GLADIATOR/Content/Widgets/DeadScreen.uasset" 70
"../../../../../../Users/g.meloche/Documents/Unreal/Platformer/MEJOR/Gladiator/GLADIATOR/Content/Characters/DwarfGrunt/Blueprints/PlayerDwarf.uasset" 71
"../../../../../../Users/g.meloche/Documents/Unreal/Platformer/MEJOR/Gladiator/GLADIATOR/Content/Widgets/WinScreen.uasset" 72
"../../../../../../Users/g.meloche/Documents/Unreal/Platformer/MEJOR/Gladiator/GLADIATOR/Content/Managers/MODE.uasset" 73
"../../../../../../Users/g.meloche/Documents/Unreal/Platformer/MEJOR/Gladiator/GLADIATOR/Content/MODE.uasset" 74
"../../../../../../Users/g.meloche/Documents/Unreal/Platformer/MEJOR/Gladiator/GLADIATOR/Content/AI/AIBB.uasset" 75
"../../../../../../Users/g.meloche/Documents/Unreal/Platformer/MEJOR/Gladiator/GLADIATOR/Content/AI/AI.uasset" 76
"../../../../../../Users/g.meloche/Documents/Unreal/Platformer/MEJOR/Gladiator/GLADIATOR/Content/AI/AIController_EnemyBP.uasset" 77
"../../../../../../Users/g.meloche/Documents/Unreal/Platformer/MEJOR/Gladiator/GLADIATOR/Content/Widgets/HealthBar.uasset" 78
"../../../../../../Users/g.meloche/Documents/Unreal/Platformer/MEJOR/Gladiator/GLADIATOR/Content/Characters/DwarfGrunt/Blueprints/EnemyDwarf.uasset" 79
"../../../../../../Users/g.meloche/Documents/Unreal/Platformer/MEJOR/Gladiator/GLADIATOR/Content/EnemyDwarf.uasset" 80
"../../../../../../Users/g.meloche/Documents/Unreal/Platformer/MEJOR/Gladiator/GLADIATOR/Content/MyEnemyDwarf.uasset" 81
"../../../../../../Users/g.meloche/Documents/Unreal/Platformer/MEJOR/Gladiator/GLADIATOR/Content/Managers/EnemyManager.uasset" 82
"../../../../../../Users/g.meloche/Documents/Unreal/Platformer/MEJOR/Gladiator/GLADIATOR/Content/Managers/MyEnemyManager.uasset" 83
"../../../../../../Users/g.meloche/Documents/Unreal/Platformer/MEJOR/Gladiator/GLADIATOR/Content/MyEnemyManager.uasset" 84
"../../../../../../Users/g.meloche/Documents/Unreal/Platformer/MEJOR/Gladiator/GLADIATOR/Content/Environment/NaturalLight.uasset" 85
"../../../../../../Users/g.meloche/Documents/Unreal/Platformer/MEJOR/Gladiator/GLADIATOR/Content/NaturalLight.uasset" 86
"../../../../../../Users/g.meloche/Documents/Unreal/Platformer/MEJOR/Gladiator/GLADIATOR/Content/PlayerHealthBar.uasset" 87
"../../../../../../Users/g.meloche/Documents/Unreal/Platformer/MEJOR/Gladiator/GLADIATOR/Content/AI/MoveEnemy.uasset" 88
"../../../../../../Users/g.meloche/Documents/Unreal/Platformer/MEJOR/Gladiator/GLADIATOR/Content/Arena/T_DesertCliffs_1_D.uasset" 89
"../../../../../../Users/g.meloche/Documents/Unreal/Platformer/MEJOR/Gladiator/GLADIATOR/Content/Arena/M_DesertCliffs_1.uasset" 90
"../../../../../../Users/g.meloche/Documents/Unreal/Platformer/MEJOR/Gladiator/GLADIATOR/Content/Arena/T_DesertCliffs_2_D.uasset" 91
"../../../../../../Users/g.meloche/Documents/Unreal/Platformer/MEJOR/Gladiator/GLADIATOR/Content/Arena/M_DesertCliffs_2.uasset" 92
"../../../../../../Users/g.meloche/Documents/Unreal/Platformer/MEJOR/Gladiator/GLADIATOR/Content/Arena/T_DesertCliffs_3_D.uasset" 93
"../../../../../../Users/g.meloche/Documents/Unreal/Platformer/MEJOR/Gladiator/GLADIATOR/Content/Arena/M_DesertCliffs_3.uasset" 94
"../../../../../../Users/g.meloche/Documents/Unreal/Platformer/MEJOR/Gladiator/GLADIATOR/Content/Arena/T_Wroughtlron_D.uasset" 95
"../../../../../../Users/g.meloche/Documents/Unreal/Platformer/MEJOR/Gladiator/GLADIATOR/Content/Arena/M_WroughtIron.uasset" 96
"../../../../../../Users/g.meloche/Documents/Unreal/Platformer/MEJOR/Gladiator/GLADIATOR/Content/Arena/T_BlueSky.uasset" 97
"../../../../../../Users/g.meloche/Documents/Unreal/Platformer/MEJOR/Gladiator/GLADIATOR/Content/Arena/material_0_12.uasset" 98
"../../../../../../Users/g.meloche/Documents/Unreal/Platformer/MEJOR/Gladiator/GLADIATOR/Content/Arena/T_DesertArena_dunes.uasset" 99
"../../../../../../Users/g.meloche/Documents/Unreal/Platformer/MEJOR/Gladiator/GLADIATOR/Content/Arena/T_DesertSand_WavyY_D.uasset" 100
"../../../../../../Users/g.meloche/Documents/Unreal/Platformer/MEJOR/Gladiator/GLADIATOR/Content/Arena/T_DesertSandY_D.uasset" 101
"../../../../../../Users/g.meloche/Documents/Unreal/Platformer/MEJOR/Gladiator/GLADIATOR/Content/Arena/material_0_14.uasset" 102
"../../../../../../Users/g.meloche/Documents/Unreal/Platformer/MEJOR/Gladiator/GLADIATOR/Content/Arena/T_GemCutter_D.uasset" 103
"../../../../../../Users/g.meloche/Documents/Unreal/Platformer/MEJOR/Gladiator/GLADIATOR/Content/Arena/material_0_16.uasset" 104
"../../../../../../Users/g.meloche/Documents/Unreal/Platformer/MEJOR/Gladiator/GLADIATOR/Content/Arena/T_Coliseum_3_D.uasset" 105
"../../../../../../Users/g.meloche/Documents/Unreal/Platformer/MEJOR/Gladiator/GLADIATOR/Content/Arena/material_0_18.uasset" 106
"../../../../../../Users/g.meloche/Documents/Unreal/Platformer/MEJOR/Gladiator/GLADIATOR/Content/Arena/T_Clock_FloorRug_D.uasset" 107
"../../../../../../Users/g.meloche/Documents/Unreal/Platformer/MEJOR/Gladiator/GLADIATOR/Content/Arena/material_0_19.uasset" 108
"../../../../../../Users/g.meloche/Documents/Unreal/Platformer/MEJOR/Gladiator/GLADIATOR/Content/Arena/T_BighornStatic_D.uasset" 109
"../../../../../../Users/g.meloche/Documents/Unreal/Platformer/MEJOR/Gladiator/GLADIATOR/Content/Arena/material_0_2.uasset" 110
"../../../../../../Users/g.meloche/Documents/Unreal/Platformer/MEJOR/Gladiator/GLADIATOR/Content/Arena/material_0_20.uasset" 111
"../../../../../../Users/g.meloche/Documents/Unreal/Platformer/MEJOR/Gladiator/GLADIATOR/Content/Arena/material_0_21.uasset" 112
"../../../../../../Users/g.meloche/Documents/Unreal/Platformer/MEJOR/Gladiator/GLADIATOR/Content/Arena/T_Wooden_D.uasset" 113
"../../../../../../Users/g.meloche/Documents/Unreal/Platformer/MEJOR/Gladiator/GLADIATOR/Content/Arena/material_0_31.uasset" 114
"../../../../../../Users/g.meloche/Documents/Unreal/Platformer/MEJOR/Gladiator/GLADIATOR/Content/Arena/T_Coliseum_2_D.uasset" 115
"../../../../../../Users/g.meloche/Documents/Unreal/Platformer/MEJOR/Gladiator/GLADIATOR/Content/Arena/material_0_34.uasset" 116
"../../../../../../Users/g.meloche/Documents/Unreal/Platformer/MEJOR/Gladiator/GLADIATOR/Content/Arena/T_Coliseum_1_D.uasset" 117
"../../../../../../Users/g.meloche/Documents/Unreal/Platformer/MEJOR/Gladiator/GLADIATOR/Content/Arena/material_0_36.uasset" 118
"../../../../../../Users/g.meloche/Documents/Unreal/Platformer/MEJOR/Gladiator/GLADIATOR/Content/Arena/material_0_37.uasset" 119
"../../../../../../Users/g.meloche/Documents/Unreal/Platformer/MEJOR/Gladiator/GLADIATOR/Content/Arena/material_0_38.uasset" 120
"../../../../../../Users/g.meloche/Documents/Unreal/Platformer/MEJOR/Gladiator/GLADIATOR/Content/Arena/T_Hideout_Awnings_D.uasset" 121
"../../../../../../Users/g.meloche/Documents/Unreal/Platformer/MEJOR/Gladiator/GLADIATOR/Content/Arena/material_0_5.uasset" 122
"../../../../../../Users/g.meloche/Documents/Unreal/Platformer/MEJOR/Gladiator/GLADIATOR/Content/Arena/T_Chair_D.uasset" 123
"../../../../../../Users/g.meloche/Documents/Unreal/Platformer/MEJOR/Gladiator/GLADIATOR/Content/Arena/material_0_6.uasset" 124
"../../../../../../Users/g.meloche/Documents/Unreal/Platformer/MEJOR/Gladiator/GLADIATOR/Content/Arena/T_Chest_Uber_D.uasset" 125
"../../../../../../Users/g.meloche/Documents/Unreal/Platformer/MEJOR/Gladiator/GLADIATOR/Content/Arena/material_0_8.uasset" 126
"../../../../../../Users/g.meloche/Documents/Unreal/Platformer/MEJOR/Gladiator/GLADIATOR/Content/Arena/material_1_1.uasset" 127
"../../../../../../Users/g.meloche/Documents/Unreal/Platformer/MEJOR/Gladiator/GLADIATOR/Content/Arena/material_1_5.uasset" 128
"../../../../../../Users/g.meloche/Documents/Unreal/Platformer/MEJOR/Gladiator/GLADIATOR/Content/Arena/material_2_2.uasset" 129
"../../../../../../Users/g.meloche/Documents/Unreal/Platformer/MEJOR/Gladiator/GLADIATOR/Content/Arena/T_Coliseum_4_D.uasset" 130
"../../../../../../Users/g.meloche/Documents/Unreal/Platformer/MEJOR/Gladiator/GLADIATOR/Content/Arena/material_3_1.uasset" 131
"../../../../../../Users/g.meloche/Documents/Unreal/Platformer/MEJOR/Gladiator/GLADIATOR/Content/Arena/DesertArena_Art.uasset" 132
"../../../../../../Users/g.meloche/Documents/Unreal/Platformer/MEJOR/Gladiator/GLADIATOR/Content/Arena/DesertArenaBlueprint.uasset" 133
"../../../../../../Users/g.meloche/Documents/Unreal/Platformer/MEJOR/Gladiator/GLADIATOR/Content/Arena/NewBlueprint.uasset" 134
"../../../../../../Users/g.meloche/Documents/Unreal/Platformer/MEJOR/Gladiator/GLADIATOR/Content/Arena/ThroneCover_D.uasset" 135
"../../../../../../Users/g.meloche/Documents/Unreal/Platformer/MEJOR/Gladiator/GLADIATOR/Content/Arena/ThroneCover_D_a.uasset" 136
"../../../../../../Users/g.meloche/Documents/Unreal/Platformer/MEJOR/Gladiator/GLADIATOR/Content/Arena/T_Chest_Uber_N.uasset" 137
"../../../../../../Users/g.meloche/Documents/Unreal/Platformer/MEJOR/Gladiator/GLADIATOR/Content/Arena/T_Clock_FloorRug_D_a.uasset" 138
"../../../../../../Users/g.meloche/Documents/Unreal/Platformer/MEJOR/Gladiator/GLADIATOR/Content/Arena/T_Coliseum_3_D_a.uasset" 139
"../../../../../../Users/g.meloche/Documents/Unreal/Platformer/MEJOR/Gladiator/GLADIATOR/Content/Arena/T_Coliseum_4_D_a.uasset" 140
"../../../../../../Users/g.meloche/Documents/Unreal/Platformer/MEJOR/Gladiator/GLADIATOR/Content/Arena/T_DesertArena_dunes_a.uasset" 141
"../../../../../../Users/g.meloche/Documents/Unreal/Platformer/MEJOR/Gladiator/GLADIATOR/Content/Arena/T_GemCutter_Mask.uasset" 142
"../../../../../../Users/g.meloche/Documents/Unreal/Platformer/MEJOR/Gladiator/GLADIATOR/Content/Arena/T_Hideout_Awnings_D_a.uasset" 143
"../../../../../../Users/g.meloche/Documents/Unreal/Platformer/MEJOR/Gladiator/GLADIATOR/Content/Arena/T_Hideout_Forge_02_D.uasset" 144
"../../../../../../Users/g.meloche/Documents/Unreal/Platformer/MEJOR/Gladiator/GLADIATOR/Content/Arena/T_Hideout_Forge_02_D_a.uasset" 145
"../../../../../../Users/g.meloche/Documents/Unreal/Platformer/MEJOR/Gladiator/GLADIATOR/Content/Arena/T_SkyCage_D.uasset" 146
"../../../../../../Users/g.meloche/Documents/Unreal/Platformer/MEJOR/Gladiator/GLADIATOR/Content/Buildings/Wall/Flamethrower_slowdown_interface.uasset" 147
"../../../../../../Users/g.meloche/Documents/Unreal/Platformer/MEJOR/Gladiator/GLADIATOR/Content/Environment/Effects/Textures/Dirt_01_D.uasset" 148
"../../../../../../Users/g.meloche/Documents/Unreal/Platformer/MEJOR/Gladiator/GLADIATOR/Content/Environment/Effects/Textures/T_Smoke_Fill_NEW.uasset" 149
"../../../../../../Users/g.meloche/Documents/Unreal/Platformer/MEJOR/Gladiator/GLADIATOR/Content/Environment/Effects/Materials/dust_02.uasset" 150
"../../../../../../Users/g.meloche/Documents/Unreal/Platformer/MEJOR/Gladiator/GLADIATOR/Content/Environment/Effects/Materials/M_rock_debris_01.uasset" 151
"../../../../../../Users/g.meloche/Documents/Unreal/Platformer/MEJOR/Gladiator/GLADIATOR/Content/Environment/Effects/Meshes/plane_bulge_pivot_center.uasset" 152
"../../../../../../Users/g.meloche/Documents/Unreal/Platformer/MEJOR/Gladiator/GLADIATOR/Content/Environment/Effects/particles/P_Dwarf_Death_Pile_01.uasset" 153
"../../../../../../Users/g.meloche/Documents/Unreal/Platformer/MEJOR/Gladiator/GLADIATOR/Content/Characters/DwarfGrunt/Anims/Death2_Montage.uasset" 154
"../../../../../../Users/g.meloche/Documents/Unreal/Platformer/MEJOR/Gladiator/GLADIATOR/Content/Characters/DwarfGrunt/Anims/WalkBwd2.uasset" 155
"../../../../../../Users/g.meloche/Documents/Unreal/Platformer/MEJOR/Gladiator/GLADIATOR/Content/Characters/DwarfGrunt/Anims/WalkFwd2_Slow.uasset" 156
"../../../../../../Users/g.meloche/Documents/Unreal/Platformer/MEJOR/Gladiator/GLADIATOR/Content/Characters/DwarfGrunt/Anims/WalkLeft2.uasset" 157
"../../../../../../Users/g.meloche/Documents/Unreal/Platformer/MEJOR/Gladiator/GLADIATOR/Content/Characters/DwarfGrunt/Anims/WalkRight2.uasset" 158
"../../../Engine/Content/Functions/Engine_MaterialFunctions02/Texturing/CustomRotator.uasset" 159
"../../../Engine/Content/Functions/Engine_MaterialFunctions02/Utility/MakeFloat2.uasset" 160
"../../../../../../Users/g.meloche/Documents/Unreal/Platformer/MEJOR/Gladiator/GLADIATOR/Content/M5VFXVOL2/Textures/Flow/disort_test.uasset" 161
"../../../../../../Users/g.meloche/Documents/Unreal/Platformer/MEJOR/Gladiator/GLADIATOR/Content/M5VFXVOL2/Materials/Master/Single_Disort_Mat.uasset" 162
"../../../../../../Users/g.meloche/Documents/Unreal/Platformer/MEJOR/Gladiator/GLADIATOR/Content/M5VFXVOL2/Materials/CandleFire_Inst/CandleFire_Inst.uasset" 163
"../../../../../../Users/g.meloche/Documents/Unreal/Platformer/MEJOR/Gladiator/GLADIATOR/Content/M5VFXVOL2/Materials/CandleFire_Inst/CandleFire_Inst2.uasset" 164
"../../../../../../Users/g.meloche/Documents/Unreal/Platformer/MEJOR/Gladiator/GLADIATOR/Content/M5VFXVOL2/Materials/Master/Sequence_Mat.uasset" 165
"../../../../../../Users/g.meloche/Documents/Unreal/Platformer/MEJOR/Gladiator/GLADIATOR/Content/M5VFXVOL2/Materials/CandleFire_Inst/CandleFire_S_Inst.uasset" 166
"../../../../../../Users/g.meloche/Documents/Unreal/Platformer/MEJOR/Gladiator/GLADIATOR/Content/M5VFXVOL2/Materials/Master/Single_Disort_W_Mat.uasset" 167
"../../../../../../Users/g.meloche/Documents/Unreal/Platformer/MEJOR/Gladiator/GLADIATOR/Content/M5VFXVOL2/Materials/CandleFire_Inst/CandleFire_W_Inst.uasset" 168
"../../../Engine/Content/Functions/Engine_MaterialFunctions01/Texturing/FlattenNormal.uasset" 169
"../../../../../../Users/g.meloche/Documents/Unreal/Platformer/MEJOR/Gladiator/GLADIATOR/Content/M5VFXVOL2/Textures/firesingle/bigfire_single.uasset" 170
"../../../../../../Users/g.meloche/Documents/Unreal/Platformer/MEJOR/Gladiator/GLADIATOR/Content/M5VFXVOL2/Textures/Flow/disort_test2.uasset" 171
"../../../../../../Users/g.meloche/Documents/Unreal/Platformer/MEJOR/Gladiator/GLADIATOR/Content/M5VFXVOL2/Textures/Flow/EmberNoise3.uasset" 172
"../../../../../../Users/g.meloche/Documents/Unreal/Platformer/MEJOR/Gladiator/GLADIATOR/Content/M5VFXVOL2/Materials/Master/Distortion_Mat.uasset" 173
"../../../../../../Users/g.meloche/Documents/Unreal/Platformer/MEJOR/Gladiator/GLADIATOR/Content/M5VFXVOL2/Materials/Distortion/Distortion_Mat_Inst.uasset" 174
"../../../../../../Users/g.meloche/Documents/Unreal/Platformer/MEJOR/Gladiator/GLADIATOR/Content/M5VFXVOL2/Materials/Distortion/Distortion_Mat_Inst3.uasset" 175
"../../../../../../Users/g.meloche/Documents/Unreal/Platformer/MEJOR/Gladiator/GLADIATOR/Content/M5VFXVOL2/Textures/Flow/Temper.uasset" 176
"../../../../../../Users/g.meloche/Documents/Unreal/Platformer/MEJOR/Gladiator/GLADIATOR/Content/M5VFXVOL2/Materials/Master/Gradient_Mat.uasset" 177
"../../../../../../Users/g.meloche/Documents/Unreal/Platformer/MEJOR/Gladiator/GLADIATOR/Content/M5VFXVOL2/Materials/Etc/Gradient_Mat_Inst.uasset" 178
"../../../../../../Users/g.meloche/Documents/Unreal/Platformer/MEJOR/Gladiator/GLADIATOR/Content/M5VFXVOL2/Textures/Flow/LF_Tex.uasset" 179
"../../../../../../Users/g.meloche/Documents/Unreal/Platformer/MEJOR/Gladiator/GLADIATOR/Content/M5VFXVOL2/Materials/Master/LightColor_Mat.uasset" 180
"../../../../../../Users/g.meloche/Documents/Unreal/Platformer/MEJOR/Gladiator/GLADIATOR/Content/M5VFXVOL2/Materials/Etc/LightColor_Mat_Inst.uasset" 181
"../../../../../../Users/g.meloche/Documents/Unreal/Platformer/MEJOR/Gladiator/GLADIATOR/Content/M5VFXVOL2/Materials/Fireloop_Inst/bigfire2_Inst.uasset" 182
"../../../../../../Users/g.meloche/Documents/Unreal/Platformer/MEJOR/Gladiator/GLADIATOR/Content/M5VFXVOL2/Materials/Fireloop_Inst/bigfireB_Inst.uasset" 183
"../../../../../../Users/g.meloche/Documents/Unreal/Platformer/MEJOR/Gladiator/GLADIATOR/Content/M5VFXVOL2/Materials/Fireloop_Inst/bigfire_Inst.uasset" 184
"../../../../../../Users/g.meloche/Documents/Unreal/Platformer/MEJOR/Gladiator/GLADIATOR/Content/M5VFXVOL2/Materials/Fireloop_Inst/bigfire_rs_Inst.uasset" 185
"../../../../../../Users/g.meloche/Documents/Unreal/Platformer/MEJOR/Gladiator/GLADIATOR/Content/M5VFXVOL2/Materials/Fireloop_Inst/bigfire_vg_smk_Inst.uasset" 186
"../../../../../../Users/g.meloche/Documents/Unreal/Platformer/MEJOR/Gladiator/GLADIATOR/Content/M5VFXVOL2/Materials/Fireloop_Inst/bigfire_vg_S_Inst.uasset" 187
"../../../../../../Users/g.meloche/Documents/Unreal/Platformer/MEJOR/Gladiator/GLADIATOR/Content/M5VFXVOL2/Materials/Fireloop_Inst/BoneFire2_Inst.uasset" 188
"../../../../../../Users/g.meloche/Documents/Unreal/Platformer/MEJOR/Gladiator/GLADIATOR/Content/M5VFXVOL2/Materials/Fireloop_Inst/BoneFire4_Inst.uasset" 189
"../../../../../../Users/g.meloche/Documents/Unreal/Platformer/MEJOR/Gladiator/GLADIATOR/Content/M5VFXVOL2/Materials/Fireloop_Inst/BoneFirethin_Inst.uasset" 190
"../../../../../../Users/g.meloche/Documents/Unreal/Platformer/MEJOR/Gladiator/GLADIATOR/Content/M5VFXVOL2/Materials/Fireloop_Inst/BoneFire_Inst.uasset" 191
"../../../../../../Users/g.meloche/Documents/Unreal/Platformer/MEJOR/Gladiator/GLADIATOR/Content/M5VFXVOL2/Materials/Fireloop_Inst/grdbasefire2_Inst.uasset" 192
"../../../../../../Users/g.meloche/Documents/Unreal/Platformer/MEJOR/Gladiator/GLADIATOR/Content/M5VFXVOL2/Materials/Fireloop_Inst/grdbasefire_Inst.uasset" 193
"../../../../../../Users/g.meloche/Documents/Unreal/Platformer/MEJOR/Gladiator/GLADIATOR/Content/M5VFXVOL2/Textures/Fire/bigfireB_fwd.uasset" 194
"../../../../../../Users/g.meloche/Documents/Unreal/Platformer/MEJOR/Gladiator/GLADIATOR/Content/M5VFXVOL2/Materials/Fire_Inst/bigfireB_fwd_Inst.uasset" 195
"../../../../../../Users/g.meloche/Documents/Unreal/Platformer/MEJOR/Gladiator/GLADIATOR/Content/M5VFXVOL2/Textures/Fire/bigfire_fwd2.uasset" 196
"../../../../../../Users/g.meloche/Documents/Unreal/Platformer/MEJOR/Gladiator/GLADIATOR/Content/M5VFXVOL2/Materials/Fire_Inst/bigfire_fwd2_Inst.uasset" 197
"../../../../../../Users/g.meloche/Documents/Unreal/Platformer/MEJOR/Gladiator/GLADIATOR/Content/M5VFXVOL2/Textures/Fire/bigfire_fwd3.uasset" 198
"../../../../../../Users/g.meloche/Documents/Unreal/Platformer/MEJOR/Gladiator/GLADIATOR/Content/M5VFXVOL2/Materials/Fire_Inst/bigfire_fwd3_Inst.uasset" 199
"../../../../../../Users/g.meloche/Documents/Unreal/Platformer/MEJOR/Gladiator/GLADIATOR/Content/M5VFXVOL2/Textures/Fire/bigfire_fwd.uasset" 200
"../../../../../../Users/g.meloche/Documents/Unreal/Platformer/MEJOR/Gladiator/GLADIATOR/Content/M5VFXVOL2/Materials/Fire_Inst/bigfire_fwd_Inst.uasset" 201
"../../../../../../Users/g.meloche/Documents/Unreal/Platformer/MEJOR/Gladiator/GLADIATOR/Content/M5VFXVOL2/Textures/Fire/bigfire_fwd_rs.uasset" 202
"../../../../../../Users/g.meloche/Documents/Unreal/Platformer/MEJOR/Gladiator/GLADIATOR/Content/M5VFXVOL2/Materials/Fire_Inst/bigfire_fwd_rs_Inst.uasset" 203
"../../../../../../Users/g.meloche/Documents/Unreal/Platformer/MEJOR/Gladiator/GLADIATOR/Content/M5VFXVOL2/Textures/Fire/bigfire_fwd_vg.uasset" 204
"../../../../../../Users/g.meloche/Documents/Unreal/Platformer/MEJOR/Gladiator/GLADIATOR/Content/M5VFXVOL2/Materials/Fire_Inst/bigfire_fwd_vg_Inst.uasset" 205
"../../../../../../Users/g.meloche/Documents/Unreal/Platformer/MEJOR/Gladiator/GLADIATOR/Content/M5VFXVOL2/Textures/Fire/blowingFireB_fwd.uasset" 206
"../../../../../../Users/g.meloche/Documents/Unreal/Platformer/MEJOR/Gladiator/GLADIATOR/Content/M5VFXVOL2/Materials/Fire_Inst/BlowingFirerB_fwd_Inst.uasset" 207
"../../../../../../Users/g.meloche/Documents/Unreal/Platformer/MEJOR/Gladiator/GLADIATOR/Content/M5VFXVOL2/Textures/Fire/blowingFire_fwd2.uasset" 208
"../../../../../../Users/g.meloche/Documents/Unreal/Platformer/MEJOR/Gladiator/GLADIATOR/Content/M5VFXVOL2/Materials/Fire_Inst/BlowingFire_fwd2_Inst.uasset" 209
"../../../../../../Users/g.meloche/Documents/Unreal/Platformer/MEJOR/Gladiator/GLADIATOR/Content/M5VFXVOL2/Textures/Fire/blowingFire_fwd.uasset" 210
"../../../../../../Users/g.meloche/Documents/Unreal/Platformer/MEJOR/Gladiator/GLADIATOR/Content/M5VFXVOL2/Materials/Fire_Inst/BlowingFire_fwd_Inst.uasset" 211
"../../../../../../Users/g.meloche/Documents/Unreal/Platformer/MEJOR/Gladiator/GLADIATOR/Content/M5VFXVOL2/Textures/Fire/bonefire2B_fwd2.uasset" 212
"../../../../../../Users/g.meloche/Documents/Unreal/Platformer/MEJOR/Gladiator/GLADIATOR/Content/M5VFXVOL2/Materials/Fire_Inst/BoneFire2B_fwd2_Inst.uasset" 213
"../../../../../../Users/g.meloche/Documents/Unreal/Platformer/MEJOR/Gladiator/GLADIATOR/Content/M5VFXVOL2/Textures/Fire/bonefire2B_fwd.uasset" 214
"../../../../../../Users/g.meloche/Documents/Unreal/Platformer/MEJOR/Gladiator/GLADIATOR/Content/M5VFXVOL2/Materials/Fire_Inst/BoneFire2B_fwd_Inst.uasset" 215
"../../../../../../Users/g.meloche/Documents/Unreal/Platformer/MEJOR/Gladiator/GLADIATOR/Content/M5VFXVOL2/Textures/Fire/bonefirethin_fwd.uasset" 216
"../../../../../../Users/g.meloche/Documents/Unreal/Platformer/MEJOR/Gladiator/GLADIATOR/Content/M5VFXVOL2/Materials/Fire_Inst/BoneFirethin_fwd_Inst.uasset" 217
"../../../../../../Users/g.meloche/Documents/Unreal/Platformer/MEJOR/Gladiator/GLADIATOR/Content/M5VFXVOL2/Textures/Fire/bonefire_fwd2.uasset" 218
"../../../../../../Users/g.meloche/Documents/Unreal/Platformer/MEJOR/Gladiator/GLADIATOR/Content/M5VFXVOL2/Materials/Fire_Inst/BoneFire_fwd2_Inst.uasset" 219
"../../../../../../Users/g.meloche/Documents/Unreal/Platformer/MEJOR/Gladiator/GLADIATOR/Content/M5VFXVOL2/Textures/Fire/bonefire_fwd3.uasset" 220
"../../../../../../Users/g.meloche/Documents/Unreal/Platformer/MEJOR/Gladiator/GLADIATOR/Content/M5VFXVOL2/Materials/Fire_Inst/BoneFire_fwd3_Inst.uasset" 221
"../../../../../../Users/g.meloche/Documents/Unreal/Platformer/MEJOR/Gladiator/GLADIATOR/Content/M5VFXVOL2/Textures/Fire/bonefire_fwd.uasset" 222
"../../../../../../Users/g.meloche/Documents/Unreal/Platformer/MEJOR/Gladiator/GLADIATOR/Content/M5VFXVOL2/Materials/Fire_Inst/BoneFire_fwd_Inst.uasset" 223
"../../../../../../Users/g.meloche/Documents/Unreal/Platformer/MEJOR/Gladiator/GLADIATOR/Content/M5VFXVOL2/Textures/Fire/grdbasefire3_fwd.uasset" 224
"../../../../../../Users/g.meloche/Documents/Unreal/Platformer/MEJOR/Gladiator/GLADIATOR/Content/M5VFXVOL2/Materials/Fire_Inst/grdbasefire3_fwd_inst.uasset" 225
"../../../../../../Users/g.meloche/Documents/Unreal/Platformer/MEJOR/Gladiator/GLADIATOR/Content/M5VFXVOL2/Materials/Fire_Inst/grdbasefire4_fwd_inst.uasset" 226
"../../../../../../Users/g.meloche/Documents/Unreal/Platformer/MEJOR/Gladiator/GLADIATOR/Content/M5VFXVOL2/Materials/Font/Font_Fix.uasset" 227
"../../../../../../Users/g.meloche/Documents/Unreal/Platformer/MEJOR/Gladiator/GLADIATOR/Content/M5VFXVOL2/Materials/Font/Font_mat_Fix.uasset" 228
"../../../../../../Users/g.meloche/Documents/Unreal/Platformer/MEJOR/Gladiator/GLADIATOR/Content/M5VFXVOL2/Textures/Flow/Circle_normal.uasset" 229
"../../../../../../Users/g.meloche/Documents/Unreal/Platformer/MEJOR/Gladiator/GLADIATOR/Content/M5VFXVOL2/Textures/smoke/0_6_smoke.uasset" 230
"../../../../../../Users/g.meloche/Documents/Unreal/Platformer/MEJOR/Gladiator/GLADIATOR/Content/M5VFXVOL2/Materials/Master/Smoke1_Mat.uasset" 231
"../../../../../../Users/g.meloche/Documents/Unreal/Platformer/MEJOR/Gladiator/GLADIATOR/Content/M5VFXVOL2/Materials/Smoke_Inst/0_6_smoke_re_vg_Inst.uasset" 232
"../../../../../../Users/g.meloche/Documents/Unreal/Platformer/MEJOR/Gladiator/GLADIATOR/Content/M5VFXVOL2/Materials/Smoke_Inst/1_6_smoke2_1_Inst.uasset" 233
"../../../../../../Users/g.meloche/Documents/Unreal/Platformer/MEJOR/Gladiator/GLADIATOR/Content/M5VFXVOL2/Materials/Smoke_Inst/1_6_smoke2_vg2_Inst.uasset" 234
"../../../../../../Users/g.meloche/Documents/Unreal/Platformer/MEJOR/Gladiator/GLADIATOR/Content/M5VFXVOL2/Materials/Smoke_Inst/2_6_smoke3_vg_Inst.uasset" 235
"../../../../../../Users/g.meloche/Documents/Unreal/Platformer/MEJOR/Gladiator/GLADIATOR/Content/M5VFXVOL2/Materials/Smoke_Inst/3_6_smoke4_Inst.uasset" 236
"../../../../../../Users/g.meloche/Documents/Unreal/Platformer/MEJOR/Gladiator/GLADIATOR/Content/M5VFXVOL2/Materials/Smoke_Inst/3_6_smoke4_vg_Inst.uasset" 237
"../../../../../../Users/g.meloche/Documents/Unreal/Platformer/MEJOR/Gladiator/GLADIATOR/Content/M5VFXVOL2/Textures/smoke/5_6_smoke6.uasset" 238
"../../../../../../Users/g.meloche/Documents/Unreal/Platformer/MEJOR/Gladiator/GLADIATOR/Content/M5VFXVOL2/Materials/Smoke_Inst/5_6_smoke6_Inst.uasset" 239
"../../../../../../Users/g.meloche/Documents/Unreal/Platformer/MEJOR/Gladiator/GLADIATOR/Content/M5VFXVOL2/Materials/Master/Smoke_blend_Mat.uasset" 240
"../../../../../../Users/g.meloche/Documents/Unreal/Platformer/MEJOR/Gladiator/GLADIATOR/Content/M5VFXVOL2/Materials/Smoke_Inst/Smoke_blend_Mat_Inst.uasset" 241
"../../../../../../Users/g.meloche/Documents/Unreal/Platformer/MEJOR/Gladiator/GLADIATOR/Content/M5VFXVOL2/Textures/Torch/Torchfire_D.uasset" 242
"../../../../../../Users/g.meloche/Documents/Unreal/Platformer/MEJOR/Gladiator/GLADIATOR/Content/M5VFXVOL2/Materials/Torch_inst/TorcheFire_D_Inst.uasset" 243
"../../../../../../Users/g.meloche/Documents/Unreal/Platformer/MEJOR/Gladiator/GLADIATOR/Content/M5VFXVOL2/Textures/Torch/Torchfire_fwd2_D.uasset" 244
"../../../../../../Users/g.meloche/Documents/Unreal/Platformer/MEJOR/Gladiator/GLADIATOR/Content/M5VFXVOL2/Materials/Torch_inst/TorcheFire_fwd2_D_Inst.uasset" 245
"../../../../../../Users/g.meloche/Documents/Unreal/Platformer/MEJOR/Gladiator/GLADIATOR/Content/M5VFXVOL2/Textures/Torch/Torchfire_fwd3_D.uasset" 246
"../../../../../../Users/g.meloche/Documents/Unreal/Platformer/MEJOR/Gladiator/GLADIATOR/Content/M5VFXVOL2/Materials/Torch_inst/TorcheFire_fwd3_D_Inst.uasset" 247
"../../../../../../Users/g.meloche/Documents/Unreal/Platformer/MEJOR/Gladiator/GLADIATOR/Content/M5VFXVOL2/Textures/Torch/Torchfire_fwd_D.uasset" 248
"../../../../../../Users/g.meloche/Documents/Unreal/Platformer/MEJOR/Gladiator/GLADIATOR/Content/M5VFXVOL2/Materials/Torch_inst/TorcheFire_fwd_D_Inst.uasset" 249
"../../../Engine/Content/Functions/Engine_MaterialFunctions02/ExampleContent/Textures/flipbook.uasset" 250
"../../../Engine/Content/Functions/Engine_MaterialFunctions02/Texturing/FlipBook.uasset" 251
"../../../Engine/Content/Functions/Engine_MaterialFunctions02/Utility/Sign.uasset" 252
"../../../Engine/Content/Functions/Engine_MaterialFunctions02/Utility/Round.uasset" 253
"../../../../../../Users/g.meloche/Documents/Unreal/Platformer/MEJOR/Gladiator/GLADIATOR/Content/M5VFXVOL2/Textures/Flow/Gradient_Tex.uasset" 254
"../../../../../../Users/g.meloche/Documents/Unreal/Platformer/MEJOR/Gladiator/GLADIATOR/Content/M5VFXVOL2/Materials/Master/Seq_Disort_Mat_test.uasset" 255
"../../../../../../Users/g.meloche/Documents/Unreal/Platformer/MEJOR/Gladiator/GLADIATOR/Content/M5VFXVOL2/Materials/Torch_inst/TorchFire_S_Inst.uasset" 256
"../../../Engine/Content/Functions/Engine_MaterialFunctions01/Density/ExponentialDensity.uasset" 257
"../../../Engine/Content/Functions/Engine_MaterialFunctions01/Gradient/RadialGradientExponential.uasset" 258
"../../../../../../Users/g.meloche/Documents/Unreal/Platformer/MEJOR/Gladiator/GLADIATOR/Content/M5VFXVOL2/Materials/Master/0_DotCircle_Mat.uasset" 259
"../../../../../../Users/g.meloche/Documents/Unreal/Platformer/MEJOR/Gladiator/GLADIATOR/Content/M5VFXVOL2/Materials/Etc/0_DotCircle_Mat_Inst.uasset" 260
"../../../../../../Users/g.meloche/Documents/Unreal/Platformer/MEJOR/Gladiator/GLADIATOR/Content/M5VFXVOL2/Materials/Master/Debris_Mat.uasset" 261
"../../../../../../Users/g.meloche/Documents/Unreal/Platformer/MEJOR/Gladiator/GLADIATOR/Content/M5VFXVOL2/Materials/Etc/debris_car.uasset" 262
"../../../Engine/Content/Functions/Engine_MaterialFunctions02/SmoothStep.uasset" 263
"../../../../../../Users/g.meloche/Documents/Unreal/Platformer/MEJOR/Gladiator/GLADIATOR/Content/M5VFXVOL2/Materials/Master/blackbody_exp_Mat.uasset" 264
"../../../../../../Users/g.meloche/Documents/Unreal/Platformer/MEJOR/Gladiator/GLADIATOR/Content/M5VFXVOL2/Materials/Explosion/blackbody_exp_Mat_Inst.uasset" 265
"../../../../../../Users/g.meloche/Documents/Unreal/Platformer/MEJOR/Gladiator/GLADIATOR/Content/M5VFXVOL2/Materials/Explosion/blackbody_exp_Mat_Inst2.uasset" 266
"../../../../../../Users/g.meloche/Documents/Unreal/Platformer/MEJOR/Gladiator/GLADIATOR/Content/M5VFXVOL2/Materials/Explosion/blackbody_exp_Mat_Inst3.uasset" 267
"../../../../../../Users/g.meloche/Documents/Unreal/Platformer/MEJOR/Gladiator/GLADIATOR/Content/M5VFXVOL2/Materials/Explosion/blackbody_exp_Mat_Inst4.uasset" 268
"../../../../../../Users/g.meloche/Documents/Unreal/Platformer/MEJOR/Gladiator/GLADIATOR/Content/M5VFXVOL2/Particles/Explosion/Fire_Exp_00.uasset" 269
"../../../../../../Users/g.meloche/Documents/Unreal/Platformer/MEJOR/Gladiator/GLADIATOR/Content/M5VFXVOL2/Particles/Explosion/Fire_Exp_01.uasset" 270
"../../../../../../Users/g.meloche/Documents/Unreal/Platformer/MEJOR/Gladiator/GLADIATOR/Content/M5VFXVOL2/Materials/Etc/debris_bd.uasset" 271
"../../../../../../Users/g.meloche/Documents/Unreal/Platformer/MEJOR/Gladiator/GLADIATOR/Content/M5VFXVOL2/Materials/Smoke_Inst/4_6_smoke5_vg_Inst.uasset" 272
"../../../../../../Users/g.meloche/Documents/Unreal/Platformer/MEJOR/Gladiator/GLADIATOR/Content/M5VFXVOL2/Particles/Explosion/Fire_Exp_03.uasset" 273
"../../../Engine/Content/Animation/DefaultAnimCurveCompressionSettings.uasset" 274
"../../../Engine/Content/Functions/Engine_MaterialFunctions01/Opacity/CameraDepthFade.uasset" 275
"../../../Engine/Content/EngineMaterials/T_Default_Material_Grid_M.uasset" 276
"../../../Engine/Content/EngineMaterials/T_Default_Material_Grid_N.uasset" 277
"../../../Engine/Content/EngineMaterials/WorldGridMaterial.uasset" 278
"../../../Engine/Content/ArtTools/RenderToTexture/Meshes/S_1_Unit_Plane.uasset" 279
"../../../Engine/Content/EngineMaterials/DefaultMaterial.uasset" 280
"../../../Engine/Content/BasicShapes/Cone.uasset" 281
"../../../Engine/Content/BasicShapes/Cylinder.uasset" 282
"../../../Engine/Content/BasicShapes/Plane.uasset" 283
"../../../Engine/Content/BasicShapes/Sphere.uasset" 284
"../../../Engine/Content/EditorLandscapeResources/DataLayer.uasset" 285
"../../../Engine/Content/EditorMaterials/GizmoMaterial.uasset" 286
"../../../Engine/Content/EditorMaterials/MAT_Groups_Toggle.uasset" 287
"../../../Engine/Content/EditorMaterials/MAT_Groups_Visibility.uasset" 288
"../../../Engine/Content/EditorMaterials/PreviewShadowIndicator.uasset" 289
"../../../Engine/Content/EditorMaterials/PreviewShadowIndicatorMaterial.uasset" 290
"../../../Engine/Content/EditorMaterials/MatineeGroups/MAT_ColorTrack.uasset" 291
"../../../Engine/Content/EditorMaterials/MatineeGroups/MAT_Groups_Anim.uasset" 292
"../../../Engine/Content/EditorMaterials/MatineeGroups/MAT_Groups_AudioMaster.uasset" 293
"../../../Engine/Content/EditorMaterials/MatineeGroups/MAT_Groups_Director.uasset" 294
"../../../Engine/Content/EditorMaterials/MatineeGroups/MAT_Groups_Event.uasset" 295
"../../../Engine/Content/EditorMaterials/MatineeGroups/MAT_Groups_Fade.uasset" 296
"../../../Engine/Content/EditorMaterials/MatineeGroups/MAT_Groups_Float.uasset" 297
"../../../Engine/Content/EditorMaterials/MatineeGroups/MAT_Groups_Move.uasset" 298
"../../../Engine/Content/EditorMaterials/MatineeGroups/MAT_Groups_Slomo.uasset" 299
"../../../Engine/Content/EditorMaterials/MatineeGroups/MAT_Groups_Sound.uasset" 300
"../../../Engine/Content/EditorMaterials/MatineeGroups/MAT_Groups_Vector.uasset" 301
"../../../Engine/Content/EditorMaterials/ParticleSystems/PSysThumbnail_NoImage.uasset" 302
"../../../Engine/Content/EditorMaterials/ParticleSystems/PSysThumbnail_OOD.uasset" 303
"../../../Engine/Content/EditorMaterials/Camera/CineMat.uasset" 304
"../../../Engine/Content/EditorMaterials/Camera/MI_CineMat_Rig.uasset" 305
"../../../Engine/Content/EditorMeshes/Camera/SM_CraneRig_Arm.uasset" 306
"../../../Engine/Content/EditorMeshes/Camera/SM_CraneRig_Base.uasset" 307
"../../../Engine/Content/EditorMeshes/Camera/SM_CraneRig_Body.uasset" 308
"../../../Engine/Content/EditorMeshes/Camera/SM_CraneRig_Mount.uasset" 309
"../../../Engine/Content/EditorMeshes/Camera/SM_RailRig_Mount.uasset" 310
"../../../Engine/Content/EditorMeshes/Camera/SM_RailRig_Track.uasset" 311
"../../../Engine/Content/EditorResources/BSPVertex.uasset" 312
"../../../Engine/Content/EditorResources/EmptyActor.uasset" 313
"../../../Engine/Content/EditorResources/S_Actor.uasset" 314
"../../../Engine/Content/EditorResources/S_Note.uasset" 315
"../../../Engine/Content/EditorResources/S_Trigger.uasset" 316
"../../../Engine/Content/EditorResources/SequenceRecorder/Countdown.uasset" 317
"../../../Engine/Content/EditorResources/SequenceRecorder/RecordingIndicator.uasset" 318
"../../../Engine/Content/EditorSounds/Notifications/CompileFailed.uasset" 319
"../../../Engine/Content/EditorSounds/Notifications/CompileFailed_Cue.uasset" 320
"../../../Engine/Content/EditorSounds/Notifications/CompileSuccess.uasset" 321
"../../../Engine/Content/EditorSounds/Notifications/CompileStart_Cue.uasset" 322
"../../../Engine/Content/EditorSounds/Notifications/CompileSuccess_Cue.uasset" 323
"../../../Engine/Content/EngineDamageTypes/DmgTypeBP_Environmental.uasset" 324
"../../../Engine/Content/EngineDebugMaterials/HeatmapGradient.uasset" 325
"../../../Engine/Content/EngineDebugMaterials/BoneWeightMaterial.uasset" 326
"../../../Engine/Content/EngineDebugMaterials/ClothMaterial.uasset" 327
"../../../Engine/Content/EngineDebugMaterials/ClothMaterial_WF.uasset" 328
"../../../Engine/Content/EngineDebugMaterials/DebugEditorMaterial.uasset" 329
"../../../Engine/Content/EngineDebugMaterials/DebugMeshMaterial.uasset" 330
"../../../Engine/Content/EngineDebugMaterials/GeomMaterial.uasset" 331
"../../../Engine/Content/EngineDebugMaterials/M_SimpleTranslucent.uasset" 332
"../../../Engine/Content/EngineFonts/Faces/RobotoBold.uasset" 333
"../../../Engine/Content/EngineFonts/Faces/RobotoBoldItalic.uasset" 334
"../../../Engine/Content/EngineFonts/Faces/RobotoItalic.uasset" 335
"../../../Engine/Content/EngineFonts/Faces/RobotoLight.uasset" 336
"../../../Engine/Content/EngineFonts/Faces/RobotoRegular.uasset" 337
"../../../Engine/Content/EngineFonts/Roboto.uasset" 338
"../../../Engine/Content/EngineFonts/Faces/RobotoTiny.uasset" 339
"../../../Engine/Content/EngineFonts/RobotoTiny.uasset" 340
"../../../Engine/Content/EngineMaterials/BaseFlattenDiffuseMap.uasset" 341
"../../../Engine/Content/EngineMaterials/BaseFlattenEmissiveMap.uasset" 342
"../../../Engine/Content/EngineMaterials/BaseFlattenGrayscaleMap.uasset" 343
"../../../Engine/Content/EngineMaterials/BaseFlattenNormalMap.uasset" 344
"../../../Engine/Content/EngineMaterials/BaseFlattenMaterial.uasset" 345
"../../../Engine/Content/EngineMaterials/DefaultBloomKernel.uasset" 346
"../../../Engine/Content/EngineMaterials/DefaultBokeh.uasset" 347
"../../../Engine/Content/EngineMaterials/DefaultDiffuse.uasset" 348
"../../../Engine/Content/EngineMaterials/DefaultDeferredDecalMaterial.uasset" 349
"../../../Engine/Content/EngineMaterials/DefaultLightFunctionMaterial.uasset" 350
"../../../Engine/Content/EngineMaterials/DefaultPhysicalMaterial.uasset" 351
"../../../Engine/Content/Functions/Engine_MaterialFunctions02/Utility/BreakOutFloat2Components.uasset" 352
"../../../Engine/Content/EngineMaterials/DefaultPostProcessMaterial.uasset" 353
"../../../Engine/Content/EngineFonts/RobotoDistanceField.uasset" 354
"../../../Engine/Content/EngineMaterials/DefaultTextMaterialOpaque.uasset" 355
"../../../Engine/Content/EngineMaterials/DefaultWhiteGrid.uasset" 356
"../../../Engine/Content/EngineMaterials/EditorBrushMaterial.uasset" 357
"../../../Engine/Content/EngineMaterials/Good64x64TilingNoiseHighFreq.uasset" 358
"../../../Engine/Content/EngineMaterials/MiniFont.uasset" 359
"../../../Engine/Content/EngineMaterials/InvalidLightmapSettings.uasset" 360
"../../../Engine/Content/EngineMaterials/M_InvalidLightmapSettings.uasset" 361
"../../../Engine/Content/Functions/Engine_MaterialFunctions02/WorldPositionOffset/CameraOffset.uasset" 362
"../../../Engine/Content/EngineMaterials/PhAT_JointLimitMaterial.uasset" 363
"../../../Engine/Content/EngineMaterials/PreintegratedSkinBRDF.uasset" 364
"../../../Engine/Content/EngineMaterials/RemoveSurfaceMaterial.uasset" 365
"../../../Engine/Content/EngineMaterials/WeightMapPlaceholderTexture.uasset" 366
"../../../Engine/Content/EngineResources/WhiteSquareTexture.uasset" 367
"../../../Engine/Content/EngineMaterials/Widget3DPassThrough.uasset" 368
"../../../Engine/Content/EngineMaterials/Widget3DPassThrough_Masked.uasset" 369
"../../../Engine/Content/EngineMaterials/Widget3DPassThrough_Opaque.uasset" 370
"../../../Engine/Content/EngineMaterials/Widget3DPassThrough_Masked_OneSided.uasset" 371
"../../../Engine/Content/EngineMaterials/Widget3DPassThrough_Opaque_OneSided.uasset" 372
"../../../Engine/Content/EngineMaterials/Widget3DPassThrough_Translucent.uasset" 373
"../../../Engine/Content/EngineMaterials/Widget3DPassThrough_Translucent_OneSided.uasset" 374
"../../../Engine/Content/EngineMeshes/Cylinder.uasset" 375
"../../../Engine/Content/EngineMeshes/Sphere.uasset" 376
"../../../Engine/Content/EngineResources/Black.uasset" 377
"../../../Engine/Content/EngineResources/DefaultTexture.uasset" 378
"../../../Engine/Content/EngineResources/DefaultTextureCube.uasset" 379
"../../../Engine/Content/EngineResources/DefaultVolumeTexture2D.uasset" 380
"../../../Engine/Content/EngineResources/DefaultVolumeTexture.uasset" 381
"../../../Engine/Content/EngineResources/GradientTexture0.uasset" 382
"../../../Engine/Content/EngineSounds/Master.uasset" 383
"../../../Engine/Content/Functions/Engine_MaterialFunctions01/Shading/ConvertFromDiffSpec.uasset" 384
"../../../Engine/Content/Functions/Engine_MaterialFunctions01/Shading/PowerToRoughness.uasset" 385
"../../../Engine/Content/Maps/Templates/Thumbnails/Default.uasset" 386
"../../../Engine/Content/Maps/Templates/Thumbnails/VR-Basic.uasset" 387
"../../../Engine/Content/MobileResources/T_MobileControls_texture.uasset" 388
"../../../Engine/Content/MobileResources/T_MobileMenu2.uasset" 389
"../../../Engine/Content/MobileResources/HUD/AnalogHat.uasset" 390
"../../../Engine/Content/MobileResources/HUD/VirtualJoystick_Background.uasset" 391
"../../../Engine/Content/MobileResources/HUD/VirtualJoystick_Thumb.uasset" 392
"../../../Engine/Content/MobileResources/HUD/DefaultVirtualJoysticks.uasset" 393
"../../../Engine/Content/MobileResources/HUD/LeftVirtualJoystickOnly.uasset" 394
"../../../Engine/Content/MobileResources/HUD/MobileHUDButton1_off.uasset" 395
"../../../Engine/Content/MobileResources/HUD/MobileHUDButton1_on.uasset" 396
"../../../Engine/Content/MobileResources/HUD/MobileHUDButton2_off.uasset" 397
"../../../Engine/Content/MobileResources/HUD/MobileHUDButton2_on.uasset" 398
"../../../Engine/Content/MobileResources/HUD/MobileHUDButton3.uasset" 399
"../../../Engine/Content/MobileResources/HUD/MobileHUDButtonFire.uasset" 400
"../../../Engine/Content/MobileResources/HUD/MobileHUDDirectionPad.uasset" 401
"../../../Engine/Content/MobileResources/HUD/MobileHUDDirectionPad2.uasset" 402
"../../../Engine/Content/MobileResources/HUD/MobileHUDDirectionPad3.uasset" 403
"../../../Engine/Content/MobileResources/HUD/MobileHUDDirectionStick.uasset" 404
"../../../Engine/Content/MobileResources/HUD/T_Castle_ThumbstickInner.uasset" 405
"../../../Engine/Content/MobileResources/HUD/T_Castle_ThumbstickOutter.uasset" 406
"../../../Engine/Content/Tutorial/ContentIntroCurve.uasset" 407
"../../../Engine/Content/Tutorial/Basics/LevelEditorAttract.uasset" 408
"../../../Engine/Content/Tutorial/Basics/TutorialAssets/icon_tab_Levels_40x.uasset" 409
"../../../Engine/Content/Tutorial/Basics/LevelEditorOverview.uasset" 410
"../../../Engine/Content/Tutorial/BlueprintTutorials/TutorialAssets/Blueprint_64x.uasset" 411
"../../../Engine/Content/Tutorial/BlueprintTutorials/BlueprintEditorTutorial.uasset" 412
"../../../Engine/Content/VREditor/LaserPointer/VR_LaserPower_01.uasset" 413
"../../../Engine/Content/VREditor/TransformGizmo/TransformGizmoMaterial.uasset" 414
"../../../Engine/Content/VREditor/TransformGizmo/TranslucentTransformGizmoMaterial.uasset" 415
"../../../Engine/Content/VREditor/TransformGizmo/BoundingBoxCorner.uasset" 416
"../../../Engine/Content/VREditor/TransformGizmo/BoundingBoxEdge.uasset" 417
"../../../Engine/Content/VREditor/TransformGizmo/PlaneTranslationHandle.uasset" 418
"../../../Engine/Content/VREditor/TransformGizmo/Main.uasset" 419
"../../../Engine/Content/VREditor/TransformGizmo/Xray.uasset" 420
"../../../Engine/Content/VREditor/TransformGizmo/SM_Sequencer_Key.uasset" 421
"../../../Engine/Content/VREditor/TransformGizmo/SM_Sequencer_Node.uasset" 422
"../../Plugins/2D/Paper2D/Content/PlaceholderTextures/DummySpriteTexture.uasset" 423
"../../Plugins/2D/Paper2D/Content/DummySprite.uasset" 424
"../../Plugins/2D/Paper2D/Content/DefaultPaperTerrainMaterial.uasset" 425
"../../Plugins/2D/Paper2D/Content/DummySpriteTexture.uasset" 426
"../../Plugins/2D/Paper2D/Content/DefaultSpriteMaterial.uasset" 427
"../../Plugins/2D/Paper2D/Content/MaskedUnlitSpriteMaterial.uasset" 428
"../../Plugins/2D/Paper2D/Content/OpaqueUnlitSpriteMaterial.uasset" 429
"../../Plugins/Runtime/Oculus/OculusVR/Content/OculusMR_RenderTarget.uasset" 430
"../../../Engine/Content/Functions/Engine_MaterialFunctions02/Utility/BreakOutFloat4Components.uasset" 431
"../../../Engine/Content/Functions/Engine_MaterialFunctions02/Utility/MakeFloat3.uasset" 432
"../../Plugins/Runtime/Oculus/OculusVR/Content/Materials/OculusMR_ChromaKey.uasset" 433
"../../Plugins/Runtime/Oculus/OculusVR/Content/Materials/OculusMR_ChromaKey_Lit.uasset" 434
"../../Plugins/Runtime/Oculus/OculusVR/Content/Materials/OculusMR_OpaqueColoredMaterial.uasset" 435
"../../Plugins/Runtime/Oculus/OculusVR/Content/Materials/OculusMR_WhiteMaterial.uasset" 436
"../../Plugins/Runtime/Oculus/OculusVR/Content/Materials/PokeAHoleMaterial.uasset" 437
"../../Plugins/Runtime/Oculus/OculusVR/Content/Textures/GearVRController_AO.uasset" 438
"../../Plugins/Runtime/Oculus/OculusVR/Content/Textures/GearVRController_Color.uasset" 439
"../../Plugins/Runtime/Oculus/OculusVR/Content/Textures/GearVRController_Normal.uasset" 440
"../../Plugins/Runtime/Oculus/OculusVR/Content/Materials/GearVRControllerMaterial.uasset" 441
"../../Plugins/Runtime/Oculus/OculusVR/Content/Meshes/GearVrController.uasset" 442
"../../Plugins/Runtime/Oculus/OculusVR/Content/Textures/touchController_albedo.uasset" 443
"../../Plugins/Runtime/Oculus/OculusVR/Content/Textures/touchController_controlmap.uasset" 444
"../../Plugins/Runtime/Oculus/OculusVR/Content/Materials/touchController_mat.uasset" 445
"../../Plugins/Runtime/Oculus/OculusVR/Content/Meshes/LeftTouchController.uasset" 446
"../../Plugins/Runtime/Oculus/OculusVR/Content/Meshes/RiftHMD.uasset" 447
"../../Plugins/Runtime/Oculus/OculusVR/Content/Meshes/RightTouchController.uasset" 448
"../../../../../../Users/g.meloche/Documents/Unreal/Platformer/MEJOR/Gladiator/GLADIATOR/Content/Environment/textures/torch_BaseColor.uasset" 449
"../../../../../../Users/g.meloche/Documents/Unreal/Platformer/MEJOR/Gladiator/GLADIATOR/Content/Environment/textures/torch_Height.uasset" 450
"../../../../../../Users/g.meloche/Documents/Unreal/Platformer/MEJOR/Gladiator/GLADIATOR/Content/Environment/textures/torch_Metallic.uasset" 451
"../../../../../../Users/g.meloche/Documents/Unreal/Platformer/MEJOR/Gladiator/GLADIATOR/Content/Environment/textures/torch_Normal.uasset" 452
"../../../../../../Users/g.meloche/Documents/Unreal/Platformer/MEJOR/Gladiator/GLADIATOR/Content/Environment/textures/torch_Roughness.uasset" 453
"../../../../../../Users/g.meloche/Documents/Unreal/Platformer/MEJOR/Gladiator/GLADIATOR/Content/Environment/torch1.uasset" 454
"../../../../../../Users/g.meloche/Documents/Unreal/Platformer/MEJOR/Gladiator/GLADIATOR/Content/Environment/torch.uasset" 455
"../../../../../../Users/g.meloche/Documents/Unreal/Platformer/MEJOR/Gladiator/GLADIATOR/Content/torch_Blueprint.uasset" 456
"../../../../../../Users/g.meloche/Documents/Unreal/Platformer/MEJOR/Gladiator/GLADIATOR/Content/Levels/MainArena_BuiltData.uasset" 457
"../../../Engine/Content/BasicShapes/BasicShapeMaterial.uasset" 458
"../../../Engine/Content/BasicShapes/Cube.uasset" 459
"../../../../../../Users/g.meloche/Documents/Unreal/Platformer/MEJOR/Gladiator/GLADIATOR/Content/M5VFXVOL2/Materials/Distortion/Distortion_Mat_Inst2.uasset" 460
"../../../../../../Users/g.meloche/Documents/Unreal/Platformer/MEJOR/Gladiator/GLADIATOR/Content/M5VFXVOL2/Textures/Flow/Flame.uasset" 461
"../../../../../../Users/g.meloche/Documents/Unreal/Platformer/MEJOR/Gladiator/GLADIATOR/Content/M5VFXVOL2/Materials/Master/Basic_Emi_Mat.uasset" 462
"../../../../../../Users/g.meloche/Documents/Unreal/Platformer/MEJOR/Gladiator/GLADIATOR/Content/M5VFXVOL2/Materials/Etc/Flame_Inst.uasset" 463
"../../../../../../Users/g.meloche/Documents/Unreal/Platformer/MEJOR/Gladiator/GLADIATOR/Content/M5VFXVOL2/Textures/Fire/bonefire_fwd4.uasset" 464
"../../../../../../Users/g.meloche/Documents/Unreal/Platformer/MEJOR/Gladiator/GLADIATOR/Content/M5VFXVOL2/Materials/Fire_Inst/BoneFire_fwd4_Inst.uasset" 465
"../../../../../../Users/g.meloche/Documents/Unreal/Platformer/MEJOR/Gladiator/GLADIATOR/Content/M5VFXVOL2/Materials/Fireloop_Inst/BoneFire3_Inst.uasset" 466
"../../../../../../Users/g.meloche/Documents/Unreal/Platformer/MEJOR/Gladiator/GLADIATOR/Content/M5VFXVOL2/Materials/Smoke_Inst/0_6_smoke_Inst.uasset" 467
"../../../../../../Users/g.meloche/Documents/Unreal/Platformer/MEJOR/Gladiator/GLADIATOR/Content/M5VFXVOL2/Particles/Fire/Fire_00.uasset" 468
"../../../../../../Users/g.meloche/Documents/Unreal/Platformer/MEJOR/Gladiator/GLADIATOR/Content/Levels/MainArena.umap" 469
"../../../Engine/Content/Maps/Entry_BuiltData.uasset" 470
"../../../Engine/Content/Maps/Entry.umap" 471
